Bad Request: /register/
Bad Request: /register/
serializing data : 
Bad Request: /register/
Not Found: /ws/
Not Found: /ws/
Not Found: /ws/
Not Found: /ws/
Not Found: /ws/
Not Found: /ws/
Not Found: /ws/
Not Found: /ws/
Not Found: /ws/
Not Found: /ws/
Watching for file changes with StatReloader
Watching for file changes with StatReloader
Not Found: /ws/
Not Found: /ws/
Not Found: /ws/
Not Found: /ws/
Not Found: /ws/
Watching for file changes with StatReloader
Not Found: /ws/
Watching for file changes with StatReloader
Not Found: /ws/
AUTHENTICATING USER dummy4
SUCCESSFUL USER LOGIN FOR dummy4
Not Found: /ws/
AUTHENTICATING USER dummy4
SUCCESSFUL USER LOGIN FOR dummy4
Not Found: /ws/
AUTHENTICATING USER dummy4
SUCCESSFUL USER LOGIN FOR dummy4
Not Found: /ws/
NOT VALID2C['QD', 'KH', '10C', '6S', '9C']
Not Found: /ws/
Not Found: /ws/
Not Found: /ws/
NOT VALID8S['QD', 'KH', '10C', '6S', '9C']
Not Found: /ws/
Not Found: /ws/
Not Found: /ws/
AUTHENTICATING USER cj
SUCCESSFUL USER LOGIN FOR cj
Not Found: /ws/
NOT VALID7D['2H', 'AH', '10D', 'AD', '5C']
Not Found: /ws/
Not Found: /ws/
Not Found: /ws/
AUTHENTICATING USER dummy4
SUCCESSFUL USER LOGIN FOR dummy4
Not Found: /ws/
Not Found: /ws/
AUTHENTICATING USER dummy4
SUCCESSFUL USER LOGIN FOR dummy4
Not Found: /ws/
NOT VALID
Not Found: /ws/
Not Found: /ws/
Not Found: /ws/
